Arguments: 
  /nix/store/9g2w08zkmj60d97bc0ci62w6msfdi9av-nodejs-14.18.3/bin/node /nix/store/ylaybq7lj0yr3w5jcmrba9rhb8nlcflz-yarn-1.22.17/bin/yarn csharp

PATH: 
  /nix/store/bccsypsvjskpzsgzww8bzjgqmck4bjbf-bash-interactive-5.1-p8/bin:/nix/store/bqmg7l0jn6nhgjlfc981g1imzb6ny8xl-patchelf-0.13/bin:/nix/store/2qwnn6lizc9d119kp3zig3q19gbfm4n6-gcc-wrapper-10.3.0/bin:/nix/store/6r5h4h7nqx73m87j5b9sjwy2x9kyri0k-gcc-10.3.0/bin:/nix/store/csz8v8xi2f644j26n84i20dnqmq43sih-glibc-2.33-117-bin/bin:/nix/store/jd1y449cf66yx5d1hwyjvc4562b1p1am-coreutils-9.0/bin:/nix/store/spm7d6ncyx2k5w8yl6clzynv2s4wf1kp-binutils-wrapper-2.35.2/bin:/nix/store/h19zwlkrp6b0hp3ypbqdcggnyarn3af6-binutils-2.35.2/bin:/nix/store/ylaybq7lj0yr3w5jcmrba9rhb8nlcflz-yarn-1.22.17/bin:/nix/store/vjvz8vwiargpndk6y5r3mdc566wsbx32-esbuild-0.13.12/bin:/nix/store/ra8r42571xvv1m85wanh1ll9mxmp0mwl-nodejs-16.13.2/bin:/nix/store/6jl36h5qncjqlcrx57k8wrv9xpak197x-typescript-4.4.4/bin:/nix/store/rszcnphk27fvfr2hq5pcr07jccf2dqy1-typescript-language-server-0.9.6/bin:/nix/store/jjvw20r6pz3ff7pn91yhvfx8s7izsqan-findutils-4.8.0/bin:/nix/store/ndd6gh8zigjy0j68arj7nyrbcw4kcw01-diffutils-3.8/bin:/nix/store/bpg0ia8nkavzw7s66avi1f9nz72i1p3r-gnused-4.8/bin:/nix/store/df3ff57sbkgbdhc4ar19zs4y0hrhggii-gnugrep-3.7/bin:/nix/store/4fv981732jqzirah3h2y6ynmlsfbxb37-gawk-5.1.1/bin:/nix/store/k5ifa08z0qlkknnb8s1bdh2kdrx0qmd0-gnutar-1.34/bin:/nix/store/dcird3wn9xywy49w3qq1hpjwvjfn3lph-gzip-1.11/bin:/nix/store/s85iyc3p9nbinwvwx9rcqirf1m68zpmm-bzip2-1.0.6.0.2-bin/bin:/nix/store/msncxcf5lgy5by9cqjyxchxd26x47d64-gnumake-4.3/bin:/nix/store/bm7jr70d9ghn5cczb3q0w90apsm05p54-bash-5.1-p8/bin:/nix/store/gi3psbgxbf2fmvgi36pmw77nnh58vq3l-patch-2.7.6/bin:/nix/store/sqb20f4rk80lw21j4is85qwljlphmn3g-xz-5.2.5-bin/bin:/nix/store/sgqd0ajghcv2axfl1lad0b1alyavp0dc-prybar-elisp-0.0.0-67f7a00/bin:/nix/store/p3hsvljpgs68jqwar41lc0jqhjj734lf-prybar-lua-0.0.0-67f7a00/bin:/nix/store/qzxs2gybds3s9kb1vkaflpgm2nwr85fh-prybar-python3-0.0.0-67f7a00/bin:/nix/store/km94z9mxp8w4m8gxxp5mbfpdf3nkfvd8-prybar-sqlite-0.0.0-67f7a00/bin:/nix/store/2pnc7b76asw0z59c4l6h6qy8arwqrii1-prybar-tcl-0.0.0-67f7a00/bin:/nix/store/hpbvrlwd5viqmvcaisb3x0118i913a9n-stderred-0.1.0/bin:/nix/store/hij98da2ivv7zxgxhvbprg55aqzgr2s7-upm-0.0.0-abe5cc5/bin:/nix/store/608wsncdhfp15msr6h16fxvcyp24gjah-pid1-0.0.0-36b38e6/bin:/nix/store/22jj08nss8zvbgk52ikj09ssg6rw84rv-silver-searcher-2.2.0/bin:/nix/store/d3whkb9c3znnicbj5m6g5qwa7ia60z8i-bash/bin:/nix/store/176gh50y24c0lx2bnnmsvf9wazb73php-coreutils-9.0/bin:/nix/store/zaamc32wijqka1mg8w2gr1f6bgvs7yyz-vscode-cpptools-dap-1.3.1/bin:/nix/store/ann2w0blx5vrc8mw1hwnvb37gry6ci9a-replit-python-dap-wrapper-1.0.0/bin:/nix/store/gvzyha79wkr1xazax4fd9nnbj8yp9rv6-node-dap/bin:/nix/store/lyzn4qly8k878lgfy1b399w58q4khys2-fluxbox/bin:/nix/store/29fdcv1yhlll61ml8a31qdkrbprxd7gs-prybar-nodejs-0.0.0-67f7a00/bin:/nix/store/mav4251if1ahjq5vkpwycyyvnmy459c4-pulseaudio-14.2/bin:/nix/store/2py1rvdx7y7fbi0yffw7dq2bacd15605-rfbproxy-0.0.0-b81eb2f/bin:/nix/store/xwl0wqr3g68mx2b60qja3kn865gf45x5-toml-editor-0.0.0-5aba775/bin:/nix/store/bfmyvk668bl0n294qancg8sg5x42p9vx-nix-editor-0.0.0-8e65b7f/bin:/nix/store/0b2bvviijkvq2nvm04dbq3lwlq7h742m-tigervnc-1.12.0/bin:/nix/store/7v07bmyfjq0jdnx6xwxlib05na8kksdf-xwininfo-1.1.4/bin:/nix/store/gfvyxpnr8ji58pdhy7ns4zqy57z34aqm-replbox/bin:/nix/store/4522jkjzj2nlx2z67325aylg6ngvvg2h-curl-7.80.0-bin/bin:/nix/store/sdpqvnmahizaxbs3nnzmgfgyqsdxb1bw-gnutar-1.34/bin:/home/runner/.nix-profile/bin:/home/runner/.local/bin:/usr/local/sbin:/usr/local/bin:/usr/sbin:/usr/bin:/sbin:/bin

Yarn version: 
  1.22.17

Node version: 
  14.18.3

Platform: 
  linux x64

Trace: 
  SyntaxError: /home/runner/PArserofvs/package.json: Unexpected token } in JSON at position 196
      at JSON.parse (<anonymous>)
      at /nix/store/ylaybq7lj0yr3w5jcmrba9rhb8nlcflz-yarn-1.22.17/libexec/yarn/lib/cli.js:1625:59
      at Generator.next (<anonymous>)
      at step (/nix/store/ylaybq7lj0yr3w5jcmrba9rhb8nlcflz-yarn-1.22.17/libexec/yarn/lib/cli.js:310:30)
      at /nix/store/ylaybq7lj0yr3w5jcmrba9rhb8nlcflz-yarn-1.22.17/libexec/yarn/lib/cli.js:321:13

npm manifest: 
  {
    "scripts":{
      "csharpLex" : "antlr4ts -visitor ./CSHARP/QSharpLexer.g4",
      "csharpPar" : "antlr4ts -visitor ./CSHARP/QSharpParser.g4",
      "csharp" : "yarn csharpLex && yarn csharpPar",
    },
    "dependencies": {
      "antlr4ts": "^0.5.0-alpha.4",
      "antlr4ts-cli": "^0.5.0-alpha.4"
    }
  }

yarn manifest: 
  No manifest

Lockfile: 
  # THIS IS AN AUTOGENERATED FILE. DO NOT EDIT THIS FILE DIRECTLY.
  # yarn lockfile v1
  
  
  antlr4ts-cli@^0.5.0-alpha.4:
    version "0.5.0-alpha.4"
    resolved "https://registry.yarnpkg.com/antlr4ts-cli/-/antlr4ts-cli-0.5.0-alpha.4.tgz#f3bfc37f10131e78d7b981c397a2aaa0450b67f6"
    integrity sha512-lVPVBTA2CVHRYILSKilL6Jd4hAumhSZZWA7UbQNQrmaSSj7dPmmYaN4bOmZG79cOy0lS00i4LY68JZZjZMWVrw==
  
  antlr4ts@^0.5.0-alpha.4:
    version "0.5.0-alpha.4"
    resolved "https://registry.yarnpkg.com/antlr4ts/-/antlr4ts-0.5.0-alpha.4.tgz#71702865a87478ed0b40c0709f422cf14d51652a"
    integrity sha512-WPQDt1B74OfPv/IMS2ekXAKkTZIHl88uMetg6q3OTqgFxZ/dxDXI0EWLyZid/1Pe6hTftyg5N7gel5wNAGxXyQ==
